[00:07:42] [Server thread/INFO]: williwanwan lost connection: Disconnected
[00:07:42] [Server thread/INFO]: williwanwan left the game
[00:08:03] [Server thread/INFO]: Nothing changed. The player is not an operator
[00:08:09] [Server thread/INFO]: Made ollop78 a server operator
[00:08:14] [Server thread/INFO]: [ollop78: Set own game mode to Creative Mode]
[00:13:36] [Server thread/INFO]: [ollop78: Set own game mode to Survival Mode]
[00:13:48] [Server thread/INFO]: ollop78 fell out of the world
[00:14:02] [Server thread/INFO]: [ollop78: Made ollop78 no longer a server operator]
[00:14:59] [Server thread/INFO]: Stopping the server
[00:14:59] [Server thread/INFO]: Stopping server
[00:14:59] [Server thread/INFO]: Saving players
[00:14:59] [Server thread/INFO]: ollop78 lost connection: Server closed
[00:14:59] [Server thread/INFO]: ollop78 left the game
[00:14:59] [Server thread/INFO]: Saving worlds
[00:14:59] [Server thread/INFO]: Saving chunks for level 'ServerLevel[world]'/minecraft:overworld
[00:15:00] [Server thread/INFO]: Saving chunks for level 'ServerLevel[world]'/minecraft:the_end
[00:15:00] [Server thread/INFO]: Saving chunks for level 'ServerLevel[world]'/minecraft:the_nether
[00:15:00] [Server thread/INFO]: ThreadedAnvilChunkStorage (world): All chunks are saved
[00:15:00] [Server thread/INFO]: ThreadedAnvilChunkStorage (DIM1): All chunks are saved
[00:15:00] [Server thread/INFO]: ThreadedAnvilChunkStorage (DIM-1): All chunks are saved
[00:15:00] [Server thread/INFO]: ThreadedAnvilChunkStorage: All dimensions are saved
